mobile/build/app/intermediates/manifest_merge_blame_file/release/manifest-merger-blame-release-report.txt
1<?xml version="1.0" encoding="utf-8"?>
2<manifest xmlns:android="http://schemas.android.com/apk/res/android"
3    package="io.devslab.gemura"
4    android:versionCode="4"
5    android:versionName="2.0.1" >
6
7    <uses-sdk
8        android:minSdkVersion="21"
8-->src/main/AndroidManifest.xml
9        android:targetSdkVersion="35" />
9-->src/main/AndroidManifest.xml
10    <!-- Permissions for attachments -->
11    <uses-permission android:name="android.permission.CAMERA" />
11-->src/main/AndroidManifest.xml:3:5-65
11-->src/main/AndroidManifest.xml:3:22-62
12    <uses-permission android:name="android.permission.READ_EXTERNAL_STORAGE" />
12-->src/main/AndroidManifest.xml:4:5-80
12-->src/main/AndroidManifest.xml:4:22-77
13    <uses-permission android:name="android.permission.WRITE_EXTERNAL_STORAGE" />
13-->src/main/AndroidManifest.xml:5:5-81
13-->src/main/AndroidManifest.xml:5:22-78
14    <uses-permission android:name="android.permission.READ_CONTACTS" />
14-->src/main/AndroidManifest.xml:6:5-72
14-->src/main/AndroidManifest.xml:6:22-69
15    <uses-permission android:name="android.permission.READ_MEDIA_IMAGES" />
15-->src/main/AndroidManifest.xml:7:5-76
15-->src/main/AndroidManifest.xml:7:22-73
16    <uses-permission android:name="android.permission.READ_MEDIA_VIDEO" />
16-->src/main/AndroidManifest.xml:8:5-75
16-->src/main/AndroidManifest.xml:8:22-72
17    <uses-permission android:name="android.permission.INTERNET" />
17-->src/main/AndroidManifest.xml:9:5-67
17-->src/main/AndroidManifest.xml:9:22-64
18    <!--
19         Required to query activities that can process text, see:
20         https://developer.android.com/training/package-visibility and
21         https://developer.android.com/reference/android/content/Intent#ACTION_PROCESS_TEXT.
22
23         In particular, this is used by the Flutter engine in io.flutter.plugin.text.ProcessTextPlugin.
24    -->
25    <queries>
25-->src/main/AndroidManifest.xml:48:5-53:15
26        <intent>
26-->src/main/AndroidManifest.xml:49:9-52:18
27            <action android:name="android.intent.action.PROCESS_TEXT" />
27-->src/main/AndroidManifest.xml:50:13-72
27-->src/main/AndroidManifest.xml:50:21-70
28
29            <data android:mimeType="text/plain" />
29-->src/main/AndroidManifest.xml:51:13-50
29-->src/main/AndroidManifest.xml:51:19-48
30        </intent>
31        <intent>
31-->[:contacts_service] AndroidManifest.xml:8:9-10:18
32            <action android:name="android.accounts.AccountAuthenticator" />
32-->[:contacts_service] AndroidManifest.xml:9:13-76
32-->[:contacts_service] AndroidManifest.xml:9:21-73
33        </intent> <!-- Allows the app to load an icon corresponding to the custom MIME type. -->
34        <intent>
34-->[:contacts_service] AndroidManifest.xml:12:9-19:18
35            <action android:name="android.intent.action.VIEW" />
35-->[:contacts_service] AndroidManifest.xml:13:13-65
35-->[:contacts_service] AndroidManifest.xml:13:21-62
36
37            <data
37-->src/main/AndroidManifest.xml:51:13-50
38                android:host="com.android.contacts"
39                android:mimeType="vnd.android.cursor.item/*"
39-->src/main/AndroidManifest.xml:51:19-48
40                android:scheme="content" />
41        </intent>
42        <intent>
42-->[:file_picker] AndroidManifest.xml:8:9-12:18
43            <action android:name="android.intent.action.GET_CONTENT" />
43-->[:file_picker] AndroidManifest.xml:9:13-72
43-->[:file_picker] AndroidManifest.xml:9:21-69
44
45            <data android:mimeType="*/*" />
45-->src/main/AndroidManifest.xml:51:13-50
45-->src/main/AndroidManifest.xml:51:19-48
46        </intent>
47    </queries>
48
49    <uses-permission android:name="android.permission.ACCESS_NETWORK_STATE" />
49-->[:connectivity_plus] AndroidManifest.xml:7:5-79
49-->[:connectivity_plus] AndroidManifest.xml:7:22-76
50    <uses-permission android:name="android.permission.VIBRATE" />
50-->[:flutter_local_notifications] AndroidManifest.xml:7:5-66
50-->[:flutter_local_notifications] AndroidManifest.xml:7:22-63
51    <uses-permission android:name="android.permission.POST_NOTIFICATIONS" />
51-->[:flutter_local_notifications] AndroidManifest.xml:8:5-77
51-->[:flutter_local_notifications] AndroidManifest.xml:8:22-74
52
53    <permission
53-->[androidx.core:core:1.13.1] AndroidManifest.xml:22:5-24:47
54        android:name="io.devslab.gemura.DYNAMIC_RECEIVER_NOT_EXPORTED_PERMISSION"
54-->[androidx.core:core:1.13.1] AndroidManifest.xml:23:9-81
55        android:protectionLevel="signature" />
55-->[androidx.core:core:1.13.1] AndroidManifest.xml:24:9-44
56
57    <uses-permission android:name="io.devslab.gemura.DYNAMIC_RECEIVER_NOT_EXPORTED_PERMISSION" />
57-->[androidx.core:core:1.13.1] AndroidManifest.xml:26:5-97
57-->[androidx.core:core:1.13.1] AndroidManifest.xml:26:22-94
58
59    <application
60        android:name="android.app.Application"
60-->src/main/AndroidManifest.xml:13:9-42
61        android:appComponentFactory="androidx.core.app.CoreComponentFactory"
61-->[androidx.core:core:1.13.1] AndroidManifest.xml:28:18-86
62        android:icon="@mipmap/ic_launcher"
62-->src/main/AndroidManifest.xml:14:9-43
63        android:label="Gemura" >
63-->src/main/AndroidManifest.xml:12:9-31
64        <activity
64-->src/main/AndroidManifest.xml:15:9-36:20
65            android:name="io.devslab.gemura.MainActivity"
65-->src/main/AndroidManifest.xml:16:13-41
66            android:configChanges="orientation|keyboardHidden|keyboard|screenSize|smallestScreenSize|locale|layoutDirection|fontScale|screenLayout|density|uiMode"
66-->src/main/AndroidManifest.xml:21:13-163
67            android:exported="true"
67-->src/main/AndroidManifest.xml:17:13-36
68            android:hardwareAccelerated="true"
68-->src/main/AndroidManifest.xml:22:13-47
69            android:launchMode="singleTop"
69-->src/main/AndroidManifest.xml:18:13-43
70            android:taskAffinity=""
70-->src/main/AndroidManifest.xml:19:13-36
71            android:theme="@style/LaunchTheme"
71-->src/main/AndroidManifest.xml:20:13-47
72            android:windowSoftInputMode="adjustResize" >
72-->src/main/AndroidManifest.xml:23:13-55
73
74            <!--
75                 Specifies an Android theme to apply to this Activity as soon as
76                 the Android process has started. This theme is visible to the user
77                 while the Flutter UI initializes. After that, this theme continues
78                 to determine the Window background behind the Flutter UI.
79            -->
80            <meta-data
80-->src/main/AndroidManifest.xml:28:13-31:17
81                android:name="io.flutter.embedding.android.NormalTheme"
81-->src/main/AndroidManifest.xml:29:15-70
82                android:resource="@style/NormalTheme" />
82-->src/main/AndroidManifest.xml:30:15-52
83
84            <intent-filter>
84-->src/main/AndroidManifest.xml:32:13-35:29
85                <action android:name="android.intent.action.MAIN" />
85-->src/main/AndroidManifest.xml:33:17-68
85-->src/main/AndroidManifest.xml:33:25-66
86
87                <category android:name="android.intent.category.LAUNCHER" />
87-->src/main/AndroidManifest.xml:34:17-76
87-->src/main/AndroidManifest.xml:34:27-74
88            </intent-filter>
89        </activity>
90        <!--
91             Don't delete the meta-data below.
92             This is used by the Flutter tool to generate GeneratedPluginRegistrant.java
93        -->
94        <meta-data
94-->src/main/AndroidManifest.xml:39:9-41:33
95            android:name="flutterEmbedding"
95-->src/main/AndroidManifest.xml:40:13-44
96            android:value="2" />
96-->src/main/AndroidManifest.xml:41:13-30
97
98        <provider
98-->[:image_picker_android] AndroidManifest.xml:9:9-17:20
99            android:name="io.flutter.plugins.imagepicker.ImagePickerFileProvider"
99-->[:image_picker_android] AndroidManifest.xml:10:13-82
100            android:authorities="io.devslab.gemura.flutter.image_provider"
100-->[:image_picker_android] AndroidManifest.xml:11:13-74
101            android:exported="false"
101-->[:image_picker_android] AndroidManifest.xml:12:13-37
102            android:grantUriPermissions="true" >
102-->[:image_picker_android] AndroidManifest.xml:13:13-47
103            <meta-data
103-->[:image_picker_android] AndroidManifest.xml:14:13-16:75
104                android:name="android.support.FILE_PROVIDER_PATHS"
104-->[:image_picker_android] AndroidManifest.xml:15:17-67
105                android:resource="@xml/flutter_image_picker_file_paths" />
105-->[:image_picker_android] AndroidManifest.xml:16:17-72
106        </provider> <!-- Trigger Google Play services to install the backported photo picker module. -->
107        <service
107-->[:image_picker_android] AndroidManifest.xml:19:9-31:19
108            android:name="com.google.android.gms.metadata.ModuleDependencies"
108-->[:image_picker_android] AndroidManifest.xml:20:13-78
109            android:enabled="false"
109-->[:image_picker_android] AndroidManifest.xml:21:13-36
110            android:exported="false" >
110-->[:image_picker_android] AndroidManifest.xml:22:13-37
111            <intent-filter>
111-->[:image_picker_android] AndroidManifest.xml:24:13-26:29
112                <action android:name="com.google.android.gms.metadata.MODULE_DEPENDENCIES" />
112-->[:image_picker_android] AndroidManifest.xml:25:17-94
112-->[:image_picker_android] AndroidManifest.xml:25:25-91
113            </intent-filter>
114
115            <meta-data
115-->[:image_picker_android] AndroidManifest.xml:28:13-30:36
116                android:name="photopicker_activity:0:required"
116-->[:image_picker_android] AndroidManifest.xml:29:17-63
117                android:value="" />
117-->[:image_picker_android] AndroidManifest.xml:30:17-33
118        </service>
119        <service
119-->[:geolocator_android] AndroidManifest.xml:8:9-12:56
120            android:name="com.baseflow.geolocator.GeolocatorLocationService"
120-->[:geolocator_android] AndroidManifest.xml:9:13-77
121            android:enabled="true"
121-->[:geolocator_android] AndroidManifest.xml:10:13-35
122            android:exported="false"
122-->[:geolocator_android] AndroidManifest.xml:11:13-37
123            android:foregroundServiceType="location" />
123-->[:geolocator_android] AndroidManifest.xml:12:13-53
124        <!--
125           Declares a provider which allows us to store files to share in
126           '.../caches/share_plus' and grant the receiving action access
127        -->
128        <provider
128-->[:share_plus] AndroidManifest.xml:13:9-21:20
129            android:name="dev.fluttercommunity.plus.share.ShareFileProvider"
129-->[:share_plus] AndroidManifest.xml:14:13-77
130            android:authorities="io.devslab.gemura.flutter.share_provider"
130-->[:share_plus] AndroidManifest.xml:15:13-74
131            android:exported="false"
131-->[:share_plus] AndroidManifest.xml:16:13-37
132            android:grantUriPermissions="true" >
132-->[:share_plus] AndroidManifest.xml:17:13-47
133            <meta-data
133-->[:image_picker_android] AndroidManifest.xml:14:13-16:75
134                android:name="android.support.FILE_PROVIDER_PATHS"
134-->[:image_picker_android] AndroidManifest.xml:15:17-67
135                android:resource="@xml/flutter_share_file_paths" />
135-->[:image_picker_android] AndroidManifest.xml:16:17-72
136        </provider>
137        <!--
138           This manifest declared broadcast receiver allows us to use an explicit
139           Intent when creating a PendingItent to be informed of the user's choice
140        -->
141        <receiver
141-->[:share_plus] AndroidManifest.xml:26:9-32:20
142            android:name="dev.fluttercommunity.plus.share.SharePlusPendingIntent"
142-->[:share_plus] AndroidManifest.xml:27:13-82
143            android:exported="false" >
143-->[:share_plus] AndroidManifest.xml:28:13-37
144            <intent-filter>
144-->[:share_plus] AndroidManifest.xml:29:13-31:29
145                <action android:name="EXTRA_CHOSEN_COMPONENT" />
145-->[:share_plus] AndroidManifest.xml:30:17-65
145-->[:share_plus] AndroidManifest.xml:30:25-62
146            </intent-filter>
147        </receiver>
148
149        <activity
149-->[:url_launcher_android] AndroidManifest.xml:8:9-11:74
150            android:name="io.flutter.plugins.urllauncher.WebViewActivity"
150-->[:url_launcher_android] AndroidManifest.xml:9:13-74
151            android:exported="false"
151-->[:url_launcher_android] AndroidManifest.xml:10:13-37
152            android:theme="@android:style/Theme.NoTitleBar.Fullscreen" />
152-->[:url_launcher_android] AndroidManifest.xml:11:13-71
153        <activity
153-->[com.google.android.gms:play-services-base:18.3.0] AndroidManifest.xml:20:9-22:45
154            android:name="com.google.android.gms.common.api.GoogleApiActivity"
154-->[com.google.android.gms:play-services-base:18.3.0] AndroidManifest.xml:20:19-85
155            android:exported="false"
155-->[com.google.android.gms:play-services-base:18.3.0] AndroidManifest.xml:22:19-43
156            android:theme="@android:style/Theme.Translucent.NoTitleBar" />
156-->[com.google.android.gms:play-services-base:18.3.0] AndroidManifest.xml:21:19-78
157
158        <meta-data
158-->[com.google.android.gms:play-services-basement:18.3.0] AndroidManifest.xml:21:9-23:69
159            android:name="com.google.android.gms.version"
159-->[com.google.android.gms:play-services-basement:18.3.0] AndroidManifest.xml:22:13-58
160            android:value="@integer/google_play_services_version" />
160-->[com.google.android.gms:play-services-basement:18.3.0] AndroidManifest.xml:23:13-66
161
162        <uses-library
162-->[androidx.window:window:1.0.0-beta04] AndroidManifest.xml:25:9-27:40
163            android:name="androidx.window.extensions"
163-->[androidx.window:window:1.0.0-beta04] AndroidManifest.xml:26:13-54
164            android:required="false" />
164-->[androidx.window:window:1.0.0-beta04] AndroidManifest.xml:27:13-37
165        <uses-library
165-->[androidx.window:window:1.0.0-beta04] AndroidManifest.xml:28:9-30:40
166            android:name="androidx.window.sidecar"
166-->[androidx.window:window:1.0.0-beta04] AndroidManifest.xml:29:13-51
167            android:required="false" />
167-->[androidx.window:window:1.0.0-beta04] AndroidManifest.xml:30:13-37
168
169        <provider
169-->[androidx.profileinstaller:profileinstaller:1.3.1] AndroidManifest.xml:24:9-32:20
170            android:name="androidx.startup.InitializationProvider"
170-->[androidx.profileinstaller:profileinstaller:1.3.1] AndroidManifest.xml:25:13-67
171            android:authorities="io.devslab.gemura.androidx-startup"
171-->[androidx.profileinstaller:profileinstaller:1.3.1] AndroidManifest.xml:26:13-68
172            android:exported="false" >
172-->[androidx.profileinstaller:profileinstaller:1.3.1] AndroidManifest.xml:27:13-37
173            <meta-data
173-->[androidx.profileinstaller:profileinstaller:1.3.1] AndroidManifest.xml:29:13-31:52
174                android:name="androidx.profileinstaller.ProfileInstallerInitializer"
174-->[androidx.profileinstaller:profileinstaller:1.3.1] AndroidManifest.xml:30:17-85
175                android:value="androidx.startup" />
175-->[androidx.profileinstaller:profileinstaller:1.3.1] AndroidManifest.xml:31:17-49
176        </provider>
177
178        <receiver
178-->[androidx.profileinstaller:profileinstaller:1.3.1] AndroidManifest.xml:34:9-52:20
179            android:name="androidx.profileinstaller.ProfileInstallReceiver"
179-->[androidx.profileinstaller:profileinstaller:1.3.1] AndroidManifest.xml:35:13-76
180            android:directBootAware="false"
180-->[androidx.profileinstaller:profileinstaller:1.3.1] AndroidManifest.xml:36:13-44
181            android:enabled="true"
181-->[androidx.profileinstaller:profileinstaller:1.3.1] AndroidManifest.xml:37:13-35
182            android:exported="true"
182-->[androidx.profileinstaller:profileinstaller:1.3.1] AndroidManifest.xml:38:13-36
183            android:permission="android.permission.DUMP" >
183-->[androidx.profileinstaller:profileinstaller:1.3.1] AndroidManifest.xml:39:13-57
184            <intent-filter>
184-->[androidx.profileinstaller:profileinstaller:1.3.1] AndroidManifest.xml:40:13-42:29
185                <action android:name="androidx.profileinstaller.action.INSTALL_PROFILE" />
185-->[androidx.profileinstaller:profileinstaller:1.3.1] AndroidManifest.xml:41:17-91
185-->[androidx.profileinstaller:profileinstaller:1.3.1] AndroidManifest.xml:41:25-88
186            </intent-filter>
187            <intent-filter>
187-->[androidx.profileinstaller:profileinstaller:1.3.1] AndroidManifest.xml:43:13-45:29
188                <action android:name="androidx.profileinstaller.action.SKIP_FILE" />
188-->[androidx.profileinstaller:profileinstaller:1.3.1] AndroidManifest.xml:44:17-85
188-->[androidx.profileinstaller:profileinstaller:1.3.1] AndroidManifest.xml:44:25-82
189            </intent-filter>
190            <intent-filter>
190-->[androidx.profileinstaller:profileinstaller:1.3.1] AndroidManifest.xml:46:13-48:29
191                <action android:name="androidx.profileinstaller.action.SAVE_PROFILE" />
191-->[androidx.profileinstaller:profileinstaller:1.3.1] AndroidManifest.xml:47:17-88
191-->[androidx.profileinstaller:profileinstaller:1.3.1] AndroidManifest.xml:47:25-85
192            </intent-filter>
193            <intent-filter>
193-->[androidx.profileinstaller:profileinstaller:1.3.1] AndroidManifest.xml:49:13-51:29
194                <action android:name="androidx.profileinstaller.action.BENCHMARK_OPERATION" />
194-->[androidx.profileinstaller:profileinstaller:1.3.1] AndroidManifest.xml:50:17-95
194-->[androidx.profileinstaller:profileinstaller:1.3.1] AndroidManifest.xml:50:25-92
195            </intent-filter>
196        </receiver>
197    </application>
198
199</manifest>